<?xml version="1.0" encoding="UTF-8"?>
<!-- Generated by org.testng.reporters.JUnitReportReporter -->
<testsuite hostname="Aniket-LenovoPC" failures="0" tests="1" name="testCases.Test_LoginPage" time="29.828" errors="0" timestamp="2024-12-28T20:25:18 IST" skipped="0">
  <testcase classname="testCases.Test_LoginPage" name="verify_Login" time="29.828"/>
</testsuite> <!-- testCases.Test_LoginPage -->
